
SQL*Loader: Release 12.2.0.1.0 - Production on Wed Oct 10 15:09:42 2018

Copyright (c) 1982, 2017, Oracle and/or its affiliates.  All rights reserved.

Control File:   C:\Users\edwardk3\PortableApps\linux\.babun\cygwin\home\edwardk3\workspace\monarch\prj_onetimer\projects\task_onetimer_sw_active_nwa\sqlldr.ctl
Data File:      TASK_ONETIMER_SW_ACTIVE_NWA.TXT
  Bad File:     C:\Users\edwardk3\PortableApps\linux\.babun\cygwin\home\edwardk3\workspace\monarch\prj_onetimer\projects\task_onetimer_sw_active_nwa\sqlldr.bad
  Discard File: C:\Users\edwardk3\PortableApps\linux\.babun\cygwin\home\edwardk3\workspace\monarch\prj_onetimer\projects\task_onetimer_sw_active_nwa\sqlldr.dsc 
 (Allow all discards)

Number to load: ALL
Number to skip: 1
Errors allowed: 50
Bind array:     64 rows, maximum of 256000 bytes
Continuation:    none specified
Path used:      Conventional

Table SRC_TASK_ONETIMER_SW_ACTIVE_NWA, loaded from every logical record.
Insert option in effect for this table: TRUNCATE
TRAILING NULLCOLS option in effect

   Column Name                  Position   Len  Term Encl Datatype
------------------------------ ---------- ----- ---- ---- ---------------------
PROJECT_ID                          FIRST     *  WHT O(") CHARACTER            
PROJECT_TASK_NUMBER                  NEXT     *  WHT O(") CHARACTER            
PROJECT_TASK_NAME                    NEXT     *  WHT O(") CHARACTER            
START_DATE                           NEXT     *  WHT O(") CHARACTER            
STATUS                               NEXT     *  WHT O(") CHARACTER            
PHASE                                NEXT     *  WHT O(") CHARACTER            


Table SRC_TASK_ONETIMER_SW_ACTIVE_NWA:
  22909 Rows successfully loaded.
  0 Rows not loaded due to data errors.
  0 Rows not loaded because all WHEN clauses were failed.
  0 Rows not loaded because all fields were null.


Space allocated for bind array:                  99072 bytes(64 rows)
Read   buffer bytes: 1048576

Total logical records skipped:          1
Total logical records read:         22909
Total logical records rejected:         0
Total logical records discarded:        0

Run began on Wed Oct 10 15:09:42 2018
Run ended on Wed Oct 10 15:10:39 2018

Elapsed time was:     00:00:57.05
CPU time was:         00:00:00.60
